<?xml version="1.0" encoding="UTF-8"?>
<!-- Generated by org.testng.reporters.JUnitReportReporter -->
<testsuite hostname="LAPTOP-4GHHF3C6" failures="0" tests="4" name="Testpack.VerifyToFeatures" time="151.799" errors="0" timestamp="2023-03-30T22:11:35 IST" skipped="0">
  <testcase classname="Testpack.VerifyToFeatures" name="VerifyToDesktopTab" time="48.669"/>
  <system-out/>
  <testcase classname="Testpack.VerifyToFeatures" name="verifyTofeatures" time="45.720"/>
  <system-out/>
  <testcase classname="Testpack.VerifyToFeatures" name="VerifyToDesktopTab" time="52.372"/>
  <system-out/>
  <testcase classname="Testpack.VerifyToFeatures" name="verifyTofeatures" time="5.038"/>
  <system-out/>
</testsuite> <!-- Testpack.VerifyToFeatures -->
