<?xml version="1.0" encoding="UTF-8"?>
<!-- Generated by org.testng.reporters.JUnitReportReporter -->
<testsuite hostname="LAPTOP-4GHHF3C6" failures="0" tests="4" name="Testpack.VerifyToDesktop" time="139.294" errors="0" timestamp="2023-03-30T22:11:35 IST" skipped="0">
  <testcase classname="Testpack.VerifyToDesktop" name="VerifyToDesktopTab" time="45.399"/>
  <system-out/>
  <testcase classname="Testpack.VerifyToDesktop" name="verifyTofeatures" time="7.166"/>
  <system-out/>
  <testcase classname="Testpack.VerifyToDesktop" name="verifyTofeatures" time="48.266"/>
  <system-out/>
  <testcase classname="Testpack.VerifyToDesktop" name="VerifyToDesktopTab" time="38.463"/>
  <system-out/>
</testsuite> <!-- Testpack.VerifyToDesktop -->
